<?xml version="1.0" encoding="UTF-8"?>
<testng-results ignored="0" total="4" passed="4" failed="0" skipped="0">
  <reporter-output>
  </reporter-output>
  <suite started-at="2024-05-31T05:08:18 GMT-07:00" name="Suite" finished-at="2024-05-31T05:10:17 GMT-07:00" duration-ms="118718">
    <groups>
    </groups>
    <test started-at="2024-05-31T05:08:18 GMT-07:00" name="test1" finished-at="2024-05-31T05:09:29 GMT-07:00" duration-ms="71332">
      <class name="testComponents.standalone5">
        <test-method is-config="true" signature="launchApp()[pri:0, instance:testComponents.standalone5@7b2bbc3]" started-at="2024-05-31T05:08:18 GMT-07:00" name="launchApp" finished-at="2024-05-31T05:08:49 GMT-07:00" duration-ms="31330" status="PASS">
          <reporter-output>
          </reporter-output>
        </test-method> <!-- launchApp -->
        <test-method signature="endToEnd()[pri:0, instance:testComponents.standalone5@7b2bbc3]" started-at="2024-05-31T05:08:49 GMT-07:00" name="endToEnd" finished-at="2024-05-31T05:09:09 GMT-07:00" duration-ms="20052" status="PASS">
          <reporter-output>
          </reporter-output>
        </test-method> <!-- endToEnd -->
        <test-method is-config="true" signature="tearDown()[pri:0, instance:testComponents.standalone5@7b2bbc3]" started-at="2024-05-31T05:09:09 GMT-07:00" name="tearDown" finished-at="2024-05-31T05:09:12 GMT-07:00" duration-ms="2476" status="PASS">
          <reporter-output>
          </reporter-output>
        </test-method> <!-- tearDown -->
        <test-method is-config="true" signature="launchApp()[pri:0, instance:testComponents.standalone5@7b2bbc3]" started-at="2024-05-31T05:09:12 GMT-07:00" name="launchApp" finished-at="2024-05-31T05:09:22 GMT-07:00" duration-ms="10461" status="PASS">
          <reporter-output>
          </reporter-output>
        </test-method> <!-- launchApp -->
        <test-method signature="checkOrderHistory()[pri:0, instance:testComponents.standalone5@7b2bbc3]" started-at="2024-05-31T05:09:22 GMT-07:00" name="checkOrderHistory" finished-at="2024-05-31T05:09:29 GMT-07:00" depends-on-methods="testComponents.standalone5.endToEnd" duration-ms="6309" status="PASS">
          <reporter-output>
          </reporter-output>
        </test-method> <!-- checkOrderHistory -->
        <test-method is-config="true" signature="tearDown()[pri:0, instance:testComponents.standalone5@7b2bbc3]" started-at="2024-05-31T05:09:29 GMT-07:00" name="tearDown" finished-at="2024-05-31T05:09:29 GMT-07:00" duration-ms="514" status="PASS">
          <reporter-output>
          </reporter-output>
        </test-method> <!-- tearDown -->
      </class> <!-- testComponents.standalone5 -->
    </test> <!-- test1 -->
    <test started-at="2024-05-31T05:09:31 GMT-07:00" name="test2" finished-at="2024-05-31T05:10:17 GMT-07:00" duration-ms="45772">
      <class name="testComponents.ErrorHandling">
        <test-method is-config="true" signature="launchApp()[pri:0, instance:testComponents.ErrorHandling@3d285d7e]" started-at="2024-05-31T05:09:31 GMT-07:00" name="launchApp" finished-at="2024-05-31T05:09:49 GMT-07:00" duration-ms="18065" status="PASS">
          <reporter-output>
          </reporter-output>
        </test-method> <!-- launchApp -->
        <test-method signature="loginErrorHandling()[pri:0, instance:testComponents.ErrorHandling@3d285d7e]" started-at="2024-05-31T05:09:49 GMT-07:00" name="loginErrorHandling" finished-at="2024-05-31T05:09:50 GMT-07:00" duration-ms="988" status="PASS">
          <reporter-output>
          </reporter-output>
        </test-method> <!-- loginErrorHandling -->
        <test-method is-config="true" signature="tearDown()[pri:0, instance:testComponents.ErrorHandling@3d285d7e]" started-at="2024-05-31T05:09:50 GMT-07:00" name="tearDown" finished-at="2024-05-31T05:09:50 GMT-07:00" duration-ms="527" status="PASS">
          <reporter-output>
          </reporter-output>
        </test-method> <!-- tearDown -->
        <test-method is-config="true" signature="launchApp()[pri:0, instance:testComponents.ErrorHandling@3d285d7e]" started-at="2024-05-31T05:09:50 GMT-07:00" name="launchApp" finished-at="2024-05-31T05:10:02 GMT-07:00" duration-ms="11685" status="PASS">
          <reporter-output>
          </reporter-output>
        </test-method> <!-- launchApp -->
        <test-method signature="productCartErrorHandling()[pri:0, instance:testComponents.ErrorHandling@3d285d7e]" started-at="2024-05-31T05:10:02 GMT-07:00" name="productCartErrorHandling" finished-at="2024-05-31T05:10:16 GMT-07:00" duration-ms="13949" status="PASS">
          <reporter-output>
          </reporter-output>
        </test-method> <!-- productCartErrorHandling -->
        <test-method is-config="true" signature="tearDown()[pri:0, instance:testComponents.ErrorHandling@3d285d7e]" started-at="2024-05-31T05:10:16 GMT-07:00" name="tearDown" finished-at="2024-05-31T05:10:17 GMT-07:00" duration-ms="542" status="PASS">
          <reporter-output>
          </reporter-output>
        </test-method> <!-- tearDown -->
      </class> <!-- testComponents.ErrorHandling -->
    </test> <!-- test2 -->
  </suite> <!-- Suite -->
</testng-results>
