<?xml version="1.0" encoding="UTF-8"?>
<!-- Generated by org.testng.reporters.JUnitXMLReporter -->
<testsuite ignored="0" hostname="DESKTOP-ETV6F6R" failures="1" tests="1" name="Default test" time="46.996" errors="0" timestamp="2024-06-13T22:37:23 GMT-07:00">
  <testcase classname="io.cucumber.testng.AbstractTestNGCucumberTests" name="runScenario" time="36.325">
    <failure type="java.lang.AssertionError" message="expected [Beetroot] but found [No data]">
      <![CDATA[java.lang.AssertionError: expected [Beetroot] but found [No data]
at org.testng.Assert.fail(Assert.java:110)
at org.testng.Assert.failNotEquals(Assert.java:1577)
at org.testng.Assert.assertEqualsImpl(Assert.java:149)
at org.testng.Assert.assertEquals(Assert.java:131)
at org.testng.Assert.assertEquals(Assert.java:655)
at org.testng.Assert.assertEquals(Assert.java:665)
at CucumberProjectStepDef.OfferPageStepDef.validate_offersPage_prod_name_validates_with_ProductPageprodname(OfferPageStepDef.java:51)
at ✽.validate offersPage prod name validates with ProductPage prod name(file:///F:/2024/EcommerceProject/Ecommerce/src/test/java/CucumberProjectFeatures/SearchProduct.feature:19)
]]>
    </failure>
  </testcase> <!-- runScenario -->
</testsuite> <!-- Default test -->
