<?xml version="1.0" encoding="UTF-8"?>
<!-- Generated by org.testng.reporters.JUnitXMLReporter -->
<testsuite ignored="0" hostname="DESKTOP-ETV6F6R" failures="0" tests="2" name="errorhandlingtest" time="45.277" errors="0" timestamp="2024-05-31T04:46:33 GMT-07:00">
  <testcase classname="testComponents.ErrorHandling" name="loginErrorHandling" time="3.974"/>
  <testcase classname="testComponents.ErrorHandling" name="productCartErrorHandling" time="21.869"/>
</testsuite> <!-- errorhandlingtest -->
