<?xml version="1.0" encoding="UTF-8"?>
<!-- Generated by org.testng.reporters.JUnitXMLReporter -->
<testsuite ignored="0" hostname="DESKTOP-ETV6F6R" failures="0" tests="2" name="errorhandlingtest" time="51.321" errors="0" timestamp="2024-05-31T05:06:41 GMT-07:00">
  <testcase classname="testComponents.ErrorHandling" name="loginErrorHandling" time="1.294"/>
  <testcase classname="testComponents.ErrorHandling" name="productCartErrorHandling" time="13.938"/>
</testsuite> <!-- errorhandlingtest -->
